{
  "stats": {
    "suites": 1,
    "tests": 1,
    "passes": 1,
    "pending": 0,
    "failures": 0,
    "start": "2018-04-23T01:00:06.422Z",
    "end": "2018-04-23T01:00:06.434Z",
    "duration": 12,
    "testsRegistered": 1,
    "passPercent": 100,
    "pendingPercent": 0,
    "other": 0,
    "hasOther": false,
    "skipped": 0,
    "hasSkipped": false,
    "passPercentClass": "success",
    "pendingPercentClass": "danger"
  },
  "suites": {
    "uuid": "e9a06159-e15b-48ea-ada1-197f361981b6",
    "title": "",
    "fullFile": "",
    "file": "",
    "beforeHooks": [],
    "afterHooks": [],
    "tests": [],
    "suites": [
      {
        "uuid": "afcc9ac7-355d-4027-9297-253ca84ab99d",
        "title": "doubleAll",
        "fullFile": "/Users/s-sumi/go/src/github.com/yoyoyousei/JSSandBox/test/underscoreTutorial.js",
        "file": "/test/underscoreTutorial.js",
        "beforeHooks": [],
        "afterHooks": [],
        "tests": [
          {
            "title": "double array elements",
            "fullTitle": "doubleAll double array elements",
            "timedOut": false,
            "duration": 3,
            "state": "passed",
            "speed": "fast",
            "pass": true,
            "fail": false,
            "pending": false,
            "code": "let obj = new target.UnderscoreTutorial();\nlet arr = [1, 4, 45, 8];\nlet res = obj.doubleAll(arr);\nres.length.should.equal(4);\nres[0].should.equal(2);\nres[1].should.equal(8);\nres[2].should.equal(90);\nres[3].should.equal(16);",
            "err": {},
            "isRoot": false,
            "uuid": "5819f938-32dc-4f45-9c98-ada44ae7ddc6",
            "isHook": false,
            "skipped": false
          }
        ],
        "suites": [],
        "passes": [
          "5819f938-32dc-4f45-9c98-ada44ae7ddc6"
        ],
        "failures": [],
        "pending": [],
        "skipped": [],
        "duration": 3,
        "root": false,
        "rootEmpty": false,
        "_timeout": 2000
      }
    ],
    "passes": [],
    "failures": [],
    "pending": [],
    "skipped": [],
    "duration": 0,
    "root": true,
    "rootEmpty": true,
    "_timeout": 2000
  },
  "copyrightYear": 2018
}